<?xml version="1.0" encoding="UTF-8"?>
<!-- Generated by org.testng.reporters.JUnitReportReporter -->
<testsuite skipped="0" hostname="LAPTOP-NQCH80LM" name="Project.E2EFramework.ValidateDeal" tests="1" failures="0" timestamp="2020-09-11T20:22:09 NZST" time="1.070" errors="0">
  <testcase name="Homepage" time="1.070" classname="Project.E2EFramework.ValidateDeal"/>
  <system-out/>
</testsuite> <!-- Project.E2EFramework.ValidateDeal -->
